<?xml version="1.0" encoding="UTF-8"?>
<!-- Generated by org.testng.reporters.JUnitXMLReporter -->
<testsuite ignored="0" hostname="Uvarajashanmugams-MacBook-Pro.local" failures="2" tests="22" name="firefoxTest" time="81.498" errors="0" timestamp="2023-03-24T22:45:23 EDT">
  <testcase classname="testCases.testCase" name="launchBrowser" time="2.242"/>
  <testcase classname="testCases.testCase" name="launchUrl" time="1.687"/>
  <testcase classname="testCases.testCase" name="homepage" time="0.0">
    <failure type="org.testng.TestNGException" message="
Parameter &amp;apos;string1&amp;apos; is required by @Test on method homepage but has not been marked @Optional or defined
in /Users/uvaraj/eclipse-workspace/dsAlgo/testcasetestNG.xml">
      <![CDATA[org.testng.TestNGException: 
Parameter 'string1' is required by @Test on method homepage but has not been marked @Optional or defined
in /Users/uvaraj/eclipse-workspace/dsAlgo/testcasetestNG.xml
at java.base/java.util.ArrayList.forEach(ArrayList.java:1511)
at java.base/java.util.concurrent.FutureTask.run(FutureTask.java:317)
at java.base/java.util.concurrent.ThreadPoolExecutor.runWorker(ThreadPoolExecutor.java:1144)
at java.base/java.util.concurrent.ThreadPoolExecutor$Worker.run(ThreadPoolExecutor.java:642)
at java.base/java.lang.Thread.run(Thread.java:1589)
... Removed 17 stack frames]]>
    </failure>
  </testcase> <!-- homepage -->
  <testcase classname="testCases.testCase" name="RegisterPage" time="0.006">
    <failure type="org.openqa.selenium.NoSuchElementException" message="Unable to locate element: //input[@type=&amp;apos;submit&amp;apos;]
For documentation on this error, please visit: https://selenium.dev/exceptions/#no_such_element
Build info: version: &amp;apos;4.8.0&amp;apos;, revision: &amp;apos;267030adea&amp;apos;
System info: os.name: &amp;apos;Mac OS X&amp;apos;, os.arch: &amp;apos;x86_64&amp;apos;, os.version: &amp;apos;12.0.1&amp;apos;, java.version: &amp;apos;19.0.1&amp;apos;
Driver info: org.openqa.selenium.firefox.FirefoxDriver
Command: [fac02ed7-f0ca-48f3-91d6-b699000f4e14, findElement {using=xpath, value=//input[@type=&amp;apos;submit&amp;apos;]}]
Capabilities {acceptInsecureCerts: true, browserName: firefox, browserVersion: 111.0.1, moz:accessibilityChecks: false, moz:buildID: 20230321111920, moz:debuggerAddress: 127.0.0.1:30259, moz:geckodriverVersion: 0.32.2, moz:headless: false, moz:platformVersion: 21.1.0, moz:processID: 13297, moz:profile: /var/folders/9x/bfy4ys6j4vn..., moz:shutdownTimeout: 60000, moz:useNonSpecCompliantPointerOrigin: false, moz:webdriverClick: true, moz:windowless: false, pageLoadStrategy: normal, platformName: MAC, proxy: Proxy(), se:cdp: ws://127.0.0.1:30259/devtoo..., se:cdpVersion: 85.0, setWindowRect: true, strictFileInteractability: false, timeouts: {implicit: 0, pageLoad: 300000, script: 30000}, unhandledPromptBehavior: dismiss and notify}
Session ID: fac02ed7-f0ca-48f3-91d6-b699000f4e14">
      <![CDATA[org.openqa.selenium.NoSuchElementException: Unable to locate element: //input[@type='submit']
For documentation on this error, please visit: https://selenium.dev/exceptions/#no_such_element
Build info: version: '4.8.0', revision: '267030adea'
System info: os.name: 'Mac OS X', os.arch: 'x86_64', os.version: '12.0.1', java.version: '19.0.1'
Driver info: org.openqa.selenium.firefox.FirefoxDriver
Command: [fac02ed7-f0ca-48f3-91d6-b699000f4e14, findElement {using=xpath, value=//input[@type='submit']}]
Capabilities {acceptInsecureCerts: true, browserName: firefox, browserVersion: 111.0.1, moz:accessibilityChecks: false, moz:buildID: 20230321111920, moz:debuggerAddress: 127.0.0.1:30259, moz:geckodriverVersion: 0.32.2, moz:headless: false, moz:platformVersion: 21.1.0, moz:processID: 13297, moz:profile: /var/folders/9x/bfy4ys6j4vn..., moz:shutdownTimeout: 60000, moz:useNonSpecCompliantPointerOrigin: false, moz:webdriverClick: true, moz:windowless: false, pageLoadStrategy: normal, platformName: MAC, proxy: Proxy(), se:cdp: ws://127.0.0.1:30259/devtoo..., se:cdpVersion: 85.0, setWindowRect: true, strictFileInteractability: false, timeouts: {implicit: 0, pageLoad: 300000, script: 30000}, unhandledPromptBehavior: dismiss and notify}
Session ID: fac02ed7-f0ca-48f3-91d6-b699000f4e14
at org.openqa.selenium.remote.codec.w3c.W3CHttpResponseCodec.createException(W3CHttpResponseCodec.java:200)
at org.openqa.selenium.remote.codec.w3c.W3CHttpResponseCodec.decode(W3CHttpResponseCodec.java:133)
at org.openqa.selenium.remote.codec.w3c.W3CHttpResponseCodec.decode(W3CHttpResponseCodec.java:53)
at org.openqa.selenium.remote.HttpCommandExecutor.execute(HttpCommandExecutor.java:184)
at org.openqa.selenium.remote.service.DriverCommandExecutor.invokeExecute(DriverCommandExecutor.java:167)
at org.openqa.selenium.remote.service.DriverCommandExecutor.execute(DriverCommandExecutor.java:142)
at org.openqa.selenium.remote.RemoteWebDriver.execute(RemoteWebDriver.java:543)
at org.openqa.selenium.remote.ElementLocation$ElementFinder$2.findElement(ElementLocation.java:162)
at org.openqa.selenium.remote.ElementLocation.findElement(ElementLocation.java:60)
at org.openqa.selenium.remote.RemoteWebDriver.findElement(RemoteWebDriver.java:352)
at org.openqa.selenium.remote.RemoteWebDriver.findElement(RemoteWebDriver.java:344)
at pageObject.RegisterPage.clickRegister(RegisterPage.java:32)
at testCases.testCase.RegisterPage(testCase.java:69)
at java.base/java.util.ArrayList.forEach(ArrayList.java:1511)
at java.base/java.util.concurrent.FutureTask.run(FutureTask.java:317)
at java.base/java.util.concurrent.ThreadPoolExecutor.runWorker(ThreadPoolExecutor.java:1144)
at java.base/java.util.concurrent.ThreadPoolExecutor$Worker.run(ThreadPoolExecutor.java:642)
at java.base/java.lang.Thread.run(Thread.java:1589)
... Removed 19 stack frames]]>
    </failure>
  </testcase> <!-- RegisterPage -->
  <testcase classname="testCases.testCase" name="login" time="0.383"/>
  <testcase classname="testCases.testCase" name="login" time="0.339"/>
  <testcase classname="testCases.testCase" name="login" time="0.312"/>
  <testcase classname="testCases.testCase" name="login" time="0.452"/>
  <testcase classname="testCases.testCase" name="DataStructure" time="1.449"/>
  <testcase classname="testCases.testCase" name="DataStructure" time="0.994"/>
  <testcase classname="testCases.testCase" name="Array" time="9.393"/>
  <testcase classname="testCases.testCase" name="Array" time="8.736"/>
  <testcase classname="testCases.testCase" name="LinkedList" time="6.472"/>
  <testcase classname="testCases.testCase" name="LinkedList" time="6.425"/>
  <testcase classname="testCases.testCase" name="queue" time="3.657"/>
  <testcase classname="testCases.testCase" name="queue" time="3.56"/>
  <testcase classname="testCases.testCase" name="graph" time="2.245"/>
  <testcase classname="testCases.testCase" name="graph" time="2.051"/>
  <testcase classname="testCases.testCase" name="tree" time="12.559"/>
  <testcase classname="testCases.testCase" name="tree" time="11.462"/>
  <testcase classname="testCases.testCase" name="stack" time="3.043"/>
  <testcase classname="testCases.testCase" name="stack" time="3.127"/>
</testsuite> <!-- firefoxTest -->
