<html>
<head>
<title>TestNG:  firefoxTest</title>
<link href="../testng.css" rel="stylesheet" type="text/css" />
<link href="../my-testng.css" rel="stylesheet" type="text/css" />

<style type="text/css">
.log { display: none;} 
.stack-trace { display: none;} 
</style>
<script type="text/javascript">
<!--
function flip(e) {
  current = e.style.display;
  if (current == 'block') {
    e.style.display = 'none';
    return 0;
  }
  else {
    e.style.display = 'block';
    return 1;
  }
}

function toggleBox(szDivId, elem, msg1, msg2)
{
  var res = -1;  if (document.getElementById) {
    res = flip(document.getElementById(szDivId));
  }
  else if (document.all) {
    // this is the way old msie versions work
    res = flip(document.all[szDivId]);
  }
  if(elem) {
    if(res == 0) elem.innerHTML = msg1; else elem.innerHTML = msg2;
  }

}

function toggleAllBoxes() {
  if (document.getElementsByTagName) {
    d = document.getElementsByTagName('div');
    for (i = 0; i < d.length; i++) {
      if (d[i].className == 'log') {
        flip(d[i]);
      }
    }
  }
}

// -->
</script>

</head>
<body>
<h2 align='center'>firefoxTest</h2><table border='1' align="center">
<tr>
<td>Tests passed/Failed/Skipped:</td><td>20/2/0</td>
</tr><tr>
<td>Started on:</td><td>Fri Mar 24 22:44:01 EDT 2023</td>
</tr>
<tr><td>Total time:</td><td>81 seconds (81498 ms)</td>
</tr><tr>
<td>Included groups:</td><td></td>
</tr><tr>
<td>Excluded groups:</td><td></td>
</tr>
</table><p/>
<small><i>(Hover the method name to see the test class name)</i></small><p/>
<table width='100%' border='1' class='invocation-failed'>
<tr><td colspan='4' align='center'><b>FAILED TESTS</b></td></tr>
<tr><td><b>Test method</b></td>
<td width="30%"><b>Exception</b></td>
<td width="10%"><b>Time (seconds)</b></td>
<td><b>Instance</b></td>
</tr>
<tr>
<td title='testCases.testCase.RegisterPage()'><b>RegisterPage</b><br>Test class: testCases.testCase</td>
<td><div><pre>org.openqa.selenium.NoSuchElementException: Unable to locate element: //input[@type=&apos;submit&apos;]
For documentation on this error, please visit: https://selenium.dev/exceptions/#no_such_element
Build info: version: &apos;4.8.0&apos;, revision: &apos;267030adea&apos;
System info: os.name: &apos;Mac OS X&apos;, os.arch: &apos;x86_64&apos;, os.version: &apos;12.0.1&apos;, java.version: &apos;19.0.1&apos;
Driver info: org.openqa.selenium.firefox.FirefoxDriver
Command: [fac02ed7-f0ca-48f3-91d6-b699000f4e14, findElement {using=xpath, value=//input[@type=&apos;submit&apos;]}]
Capabilities {acceptInsecureCerts: true, browserName: firefox, browserVersion: 111.0.1, moz:accessibilityChecks: false, moz:buildID: 20230321111920, moz:debuggerAddress: 127.0.0.1:30259, moz:geckodriverVersion: 0.32.2, moz:headless: false, moz:platformVersion: 21.1.0, moz:processID: 13297, moz:profile: /var/folders/9x/bfy4ys6j4vn..., moz:shutdownTimeout: 60000, moz:useNonSpecCompliantPointerOrigin: false, moz:webdriverClick: true, moz:windowless: false, pageLoadStrategy: normal, platformName: MAC, proxy: Proxy(), se:cdp: ws://127.0.0.1:30259/devtoo..., se:cdpVersion: 85.0, setWindowRect: true, strictFileInteractability: false, timeouts: {implicit: 0, pageLoad: 300000, script: 30000}, unhandledPromptBehavior: dismiss and notify}
Session ID: fac02ed7-f0ca-48f3-91d6-b699000f4e14
	at org.openqa.selenium.remote.codec.w3c.W3CHttpResponseCodec.createException(W3CHttpResponseCodec.java:200)
	at org.openqa.selenium.remote.codec.w3c.W3CHttpResponseCodec.decode(W3CHttpResponseCodec.java:133)
	at org.openqa.selenium.remote.codec.w3c.W3CHttpResponseCodec.decode(W3CHttpResponseCodec.java:53)
	at org.openqa.selenium.remote.HttpCommandExecutor.execute(HttpCommandExecutor.java:184)
	at org.openqa.selenium.remote.service.DriverCommandExecutor.invokeExecute(DriverCommandExecutor.java:167)
	at org.openqa.selenium.remote.service.DriverCommandExecutor.execute(DriverCommandExecutor.java:142)
	at org.openqa.selenium.remote.RemoteWebDriver.execute(RemoteWebDriver.java:543)
	at org.openqa.selenium.remote.ElementLocation$ElementFinder$2.findElement(ElementLocation.java:162)
	at org.openqa.selenium.remote.ElementLocation.findElement(ElementLocation.java:60)
	at org.openqa.selenium.remote.RemoteWebDriver.findElement(RemoteWebDriver.java:352)
	at org.openqa.selenium.remote.RemoteWebDriver.findElement(RemoteWebDriver.java:344)
	at pageObject.RegisterPage.clickRegister(RegisterPage.java:32)
	at testCases.testCase.RegisterPage(testCase.java:69)
	at java.base/java.util.ArrayList.forEach(ArrayList.java:1511)
	at java.base/java.util.concurrent.FutureTask.run(FutureTask.java:317)
	at java.base/java.util.concurrent.ThreadPoolExecutor.runWorker(ThreadPoolExecutor.java:1144)
	at java.base/java.util.concurrent.ThreadPoolExecutor$Worker.run(ThreadPoolExecutor.java:642)
	at java.base/java.lang.Thread.run(Thread.java:1589)
... Removed 19 stack frames</pre></div><a href='#' onClick='toggleBox("stack-trace313576005", this, "Click to show all stack frames", "Click to hide stack frames")'>Click to show all stack frames</a>
<div class='stack-trace' id='stack-trace313576005'><pre>org.openqa.selenium.NoSuchElementException: Unable to locate element: //input[@type=&apos;submit&apos;]
For documentation on this error, please visit: https://selenium.dev/exceptions/#no_such_element
Build info: version: &apos;4.8.0&apos;, revision: &apos;267030adea&apos;
System info: os.name: &apos;Mac OS X&apos;, os.arch: &apos;x86_64&apos;, os.version: &apos;12.0.1&apos;, java.version: &apos;19.0.1&apos;
Driver info: org.openqa.selenium.firefox.FirefoxDriver
Command: [fac02ed7-f0ca-48f3-91d6-b699000f4e14, findElement {using=xpath, value=//input[@type=&apos;submit&apos;]}]
Capabilities {acceptInsecureCerts: true, browserName: firefox, browserVersion: 111.0.1, moz:accessibilityChecks: false, moz:buildID: 20230321111920, moz:debuggerAddress: 127.0.0.1:30259, moz:geckodriverVersion: 0.32.2, moz:headless: false, moz:platformVersion: 21.1.0, moz:processID: 13297, moz:profile: /var/folders/9x/bfy4ys6j4vn..., moz:shutdownTimeout: 60000, moz:useNonSpecCompliantPointerOrigin: false, moz:webdriverClick: true, moz:windowless: false, pageLoadStrategy: normal, platformName: MAC, proxy: Proxy(), se:cdp: ws://127.0.0.1:30259/devtoo..., se:cdpVersion: 85.0, setWindowRect: true, strictFileInteractability: false, timeouts: {implicit: 0, pageLoad: 300000, script: 30000}, unhandledPromptBehavior: dismiss and notify}
Session ID: fac02ed7-f0ca-48f3-91d6-b699000f4e14
	at java.base/jdk.internal.reflect.DirectConstructorHandleAccessor.newInstance(DirectConstructorHandleAccessor.java:67)
	at java.base/java.lang.reflect.Constructor.newInstanceWithCaller(Constructor.java:500)
	at java.base/java.lang.reflect.Constructor.newInstance(Constructor.java:484)
	at org.openqa.selenium.remote.codec.w3c.W3CHttpResponseCodec.createException(W3CHttpResponseCodec.java:200)
	at org.openqa.selenium.remote.codec.w3c.W3CHttpResponseCodec.decode(W3CHttpResponseCodec.java:133)
	at org.openqa.selenium.remote.codec.w3c.W3CHttpResponseCodec.decode(W3CHttpResponseCodec.java:53)
	at org.openqa.selenium.remote.HttpCommandExecutor.execute(HttpCommandExecutor.java:184)
	at org.openqa.selenium.remote.service.DriverCommandExecutor.invokeExecute(DriverCommandExecutor.java:167)
	at org.openqa.selenium.remote.service.DriverCommandExecutor.execute(DriverCommandExecutor.java:142)
	at org.openqa.selenium.remote.RemoteWebDriver.execute(RemoteWebDriver.java:543)
	at org.openqa.selenium.remote.ElementLocation$ElementFinder$2.findElement(ElementLocation.java:162)
	at org.openqa.selenium.remote.ElementLocation.findElement(ElementLocation.java:60)
	at org.openqa.selenium.remote.RemoteWebDriver.findElement(RemoteWebDriver.java:352)
	at org.openqa.selenium.remote.RemoteWebDriver.findElement(RemoteWebDriver.java:344)
	at pageObject.RegisterPage.clickRegister(RegisterPage.java:32)
	at testCases.testCase.RegisterPage(testCase.java:69)
	at java.base/jdk.internal.reflect.DirectMethodHandleAccessor.invoke(DirectMethodHandleAccessor.java:104)
	at java.base/java.lang.reflect.Method.invoke(Method.java:578)
	at org.testng.internal.MethodInvocationHelper.invokeMethod(MethodInvocationHelper.java:133)
	at org.testng.internal.TestInvoker.invokeMethod(TestInvoker.java:598)
	at org.testng.internal.TestInvoker.invokeTestMethod(TestInvoker.java:173)
	at org.testng.internal.MethodRunner.runInSequence(MethodRunner.java:46)
	at org.testng.internal.TestInvoker$MethodInvocationAgent.invoke(TestInvoker.java:824)
	at org.testng.internal.TestInvoker.invokeTestMethods(TestInvoker.java:146)
	at org.testng.internal.TestMethodWorker.invokeTestMethods(TestMethodWorker.java:146)
	at org.testng.internal.TestMethodWorker.run(TestMethodWorker.java:128)
	at java.base/java.util.ArrayList.forEach(ArrayList.java:1511)
	at org.testng.TestRunner.privateRun(TestRunner.java:794)
	at org.testng.TestRunner.run(TestRunner.java:596)
	at org.testng.SuiteRunner.runTest(SuiteRunner.java:377)
	at org.testng.SuiteRunner.access$000(SuiteRunner.java:28)
	at org.testng.SuiteRunner$SuiteWorker.run(SuiteRunner.java:418)
	at org.testng.internal.thread.ThreadUtil.lambda$execute$0(ThreadUtil.java:64)
	at java.base/java.util.concurrent.FutureTask.run(FutureTask.java:317)
	at java.base/java.util.concurrent.ThreadPoolExecutor.runWorker(ThreadPoolExecutor.java:1144)
	at java.base/java.util.concurrent.ThreadPoolExecutor$Worker.run(ThreadPoolExecutor.java:642)
	at java.base/java.lang.Thread.run(Thread.java:1589)
</pre></div></td>
<td>0</td>
<td>testCases.testCase@793f29ff</td></tr>
<tr>
<td title='testCases.testCase.homepage()'><b>homepage</b><br>Test class: testCases.testCase</td>
<td><div><pre>org.testng.TestNGException: 
Parameter &apos;string1&apos; is required by @Test on method homepage but has not been marked @Optional or defined
in /Users/uvaraj/eclipse-workspace/dsAlgo/testcasetestNG.xml
	at java.base/java.util.ArrayList.forEach(ArrayList.java:1511)
	at java.base/java.util.concurrent.FutureTask.run(FutureTask.java:317)
	at java.base/java.util.concurrent.ThreadPoolExecutor.runWorker(ThreadPoolExecutor.java:1144)
	at java.base/java.util.concurrent.ThreadPoolExecutor$Worker.run(ThreadPoolExecutor.java:642)
	at java.base/java.lang.Thread.run(Thread.java:1589)
... Removed 17 stack frames</pre></div><a href='#' onClick='toggleBox("stack-trace627402834", this, "Click to show all stack frames", "Click to hide stack frames")'>Click to show all stack frames</a>
<div class='stack-trace' id='stack-trace627402834'><pre>org.testng.TestNGException: 
Parameter &apos;string1&apos; is required by @Test on method homepage but has not been marked @Optional or defined
in /Users/uvaraj/eclipse-workspace/dsAlgo/testcasetestNG.xml
	at org.testng.internal.Parameters.createParams(Parameters.java:270)
	at org.testng.internal.Parameters.createParametersForMethod(Parameters.java:358)
	at org.testng.internal.Parameters.createParameters(Parameters.java:700)
	at org.testng.internal.Parameters.handleParameters(Parameters.java:884)
	at org.testng.internal.Parameters.handleParameters(Parameters.java:740)
	at org.testng.internal.ParameterHandler.handleParameters(ParameterHandler.java:59)
	at org.testng.internal.ParameterHandler.createParameters(ParameterHandler.java:38)
	at org.testng.internal.TestInvoker$MethodInvocationAgent.invoke(TestInvoker.java:791)
	at org.testng.internal.TestInvoker.invokeTestMethods(TestInvoker.java:146)
	at org.testng.internal.TestMethodWorker.invokeTestMethods(TestMethodWorker.java:146)
	at org.testng.internal.TestMethodWorker.run(TestMethodWorker.java:128)
	at java.base/java.util.ArrayList.forEach(ArrayList.java:1511)
	at org.testng.TestRunner.privateRun(TestRunner.java:794)
	at org.testng.TestRunner.run(TestRunner.java:596)
	at org.testng.SuiteRunner.runTest(SuiteRunner.java:377)
	at org.testng.SuiteRunner.access$000(SuiteRunner.java:28)
	at org.testng.SuiteRunner$SuiteWorker.run(SuiteRunner.java:418)
	at org.testng.internal.thread.ThreadUtil.lambda$execute$0(ThreadUtil.java:64)
	at java.base/java.util.concurrent.FutureTask.run(FutureTask.java:317)
	at java.base/java.util.concurrent.ThreadPoolExecutor.runWorker(ThreadPoolExecutor.java:1144)
	at java.base/java.util.concurrent.ThreadPoolExecutor$Worker.run(ThreadPoolExecutor.java:642)
	at java.base/java.lang.Thread.run(Thread.java:1589)
</pre></div></td>
<td>0</td>
<td>testCases.testCase@793f29ff</td></tr>
</table><p>
<table width='100%' border='1' class='invocation-passed'>
<tr><td colspan='4' align='center'><b>PASSED TESTS</b></td></tr>
<tr><td><b>Test method</b></td>
<td width="30%"><b>Exception</b></td>
<td width="10%"><b>Time (seconds)</b></td>
<td><b>Instance</b></td>
</tr>
<tr>
<td title='testCases.testCase.Array()'><b>Array</b><br>Test class: testCases.testCase<br>Parameters: print("hello")</td>
<td></td>
<td>8</td>
<td>testCases.testCase@793f29ff</td></tr>
<tr>
<td title='testCases.testCase.queue()'><b>queue</b><br>Test class: testCases.testCase<br>Parameters: print("hello")</td>
<td></td>
<td>3</td>
<td>testCases.testCase@793f29ff</td></tr>
<tr>
<td title='testCases.testCase.LinkedList()'><b>LinkedList</b><br>Test class: testCases.testCase<br>Parameters: print("hello")</td>
<td></td>
<td>6</td>
<td>testCases.testCase@793f29ff</td></tr>
<tr>
<td title='testCases.testCase.tree()'><b>tree</b><br>Test class: testCases.testCase<br>Parameters: print("hello")</td>
<td></td>
<td>11</td>
<td>testCases.testCase@793f29ff</td></tr>
<tr>
<td title='testCases.testCase.login()'><b>login</b><br>Test class: testCases.testCase<br>Parameters: Numpy@Sdet100_27, uvdh30VI@0599907, valid</td>
<td></td>
<td>0</td>
<td>testCases.testCase@793f29ff</td></tr>
<tr>
<td title='testCases.testCase.login()'><b>login</b><br>Test class: testCases.testCase<br>Parameters: username, password, invalid</td>
<td></td>
<td>0</td>
<td>testCases.testCase@793f29ff</td></tr>
<tr>
<td title='testCases.testCase.DataStructure()'><b>DataStructure</b><br>Test class: testCases.testCase<br>Parameters: print("hello")</td>
<td></td>
<td>0</td>
<td>testCases.testCase@793f29ff</td></tr>
<tr>
<td title='testCases.testCase.Array()'><b>Array</b><br>Test class: testCases.testCase<br>Parameters: goodmorning</td>
<td></td>
<td>9</td>
<td>testCases.testCase@793f29ff</td></tr>
<tr>
<td title='testCases.testCase.queue()'><b>queue</b><br>Test class: testCases.testCase<br>Parameters: goodmorning</td>
<td></td>
<td>3</td>
<td>testCases.testCase@793f29ff</td></tr>
<tr>
<td title='testCases.testCase.stack()'><b>stack</b><br>Test class: testCases.testCase<br>Parameters: print("hello")</td>
<td></td>
<td>3</td>
<td>testCases.testCase@793f29ff</td></tr>
<tr>
<td title='testCases.testCase.launchBrowser()'><b>launchBrowser</b><br>Test class: testCases.testCase<br>Parameters: firefox</td>
<td></td>
<td>2</td>
<td>testCases.testCase@793f29ff</td></tr>
<tr>
<td title='testCases.testCase.graph()'><b>graph</b><br>Test class: testCases.testCase<br>Parameters: print("hello")</td>
<td></td>
<td>2</td>
<td>testCases.testCase@793f29ff</td></tr>
<tr>
<td title='testCases.testCase.DataStructure()'><b>DataStructure</b><br>Test class: testCases.testCase<br>Parameters: goodmorning</td>
<td></td>
<td>1</td>
<td>testCases.testCase@793f29ff</td></tr>
<tr>
<td title='testCases.testCase.tree()'><b>tree</b><br>Test class: testCases.testCase<br>Parameters: goodmorning</td>
<td></td>
<td>12</td>
<td>testCases.testCase@793f29ff</td></tr>
<tr>
<td title='testCases.testCase.launchUrl()'><b>launchUrl</b><br>Test class: testCases.testCase</td>
<td></td>
<td>1</td>
<td>testCases.testCase@793f29ff</td></tr>
<tr>
<td title='testCases.testCase.stack()'><b>stack</b><br>Test class: testCases.testCase<br>Parameters: goodmorning</td>
<td></td>
<td>3</td>
<td>testCases.testCase@793f29ff</td></tr>
<tr>
<td title='testCases.testCase.login()'><b>login</b><br>Test class: testCases.testCase<br>Parameters: username, uvdh30VI@0599907, invalid</td>
<td></td>
<td>0</td>
<td>testCases.testCase@793f29ff</td></tr>
<tr>
<td title='testCases.testCase.LinkedList()'><b>LinkedList</b><br>Test class: testCases.testCase<br>Parameters: goodmorning</td>
<td></td>
<td>6</td>
<td>testCases.testCase@793f29ff</td></tr>
<tr>
<td title='testCases.testCase.login()'><b>login</b><br>Test class: testCases.testCase<br>Parameters: Numpy@Sdet100_27, password, invalid</td>
<td></td>
<td>0</td>
<td>testCases.testCase@793f29ff</td></tr>
<tr>
<td title='testCases.testCase.graph()'><b>graph</b><br>Test class: testCases.testCase<br>Parameters: goodmorning</td>
<td></td>
<td>2</td>
<td>testCases.testCase@793f29ff</td></tr>
</table><p>
</body>
</html>