<?xml version="1.0" encoding="UTF-8"?>
<!-- Generated by org.testng.reporters.JUnitReportReporter -->
<testsuite hostname="Uvarajashanmugams-MacBook-Pro.local" failures="0" tests="44" name="testCases.testCase" time="151.323" errors="2" timestamp="2023-03-24T22:45:23 EDT" skipped="0">
  <testcase classname="testCases.testCase" name="launchBrowser" time="2.756"/>
  <system-out/>
  <testcase classname="testCases.testCase" name="launchBrowser" time="2.242"/>
  <system-out/>
  <testcase classname="testCases.testCase" name="launchUrl" time="1.291"/>
  <system-out/>
  <testcase classname="testCases.testCase" name="launchUrl" time="1.687"/>
  <system-out/>
  <testcase classname="testCases.testCase" name="homepage" time="1.665"/>
  <system-out/>
  <testcase classname="testCases.testCase" name="homepage" time="0.000">
    <error message="
Parameter &#039;string1&#039; is required by @Test on method homepage but has not been marked @Optional or defined
in /Users/uvaraj/eclipse-workspace/dsAlgo/testcasetestNG.xml" type="org.testng.TestNGException">
      <![CDATA[org.testng.TestNGException: 
Parameter 'string1' is required by @Test on method homepage but has not been marked @Optional or defined
in /Users/uvaraj/eclipse-workspace/dsAlgo/testcasetestNG.xml
at org.testng.internal.Parameters.createParams(Parameters.java:270)
at org.testng.internal.Parameters.createParametersForMethod(Parameters.java:358)
at org.testng.internal.Parameters.createParameters(Parameters.java:700)
at org.testng.internal.Parameters.handleParameters(Parameters.java:884)
at org.testng.internal.Parameters.handleParameters(Parameters.java:740)
at org.testng.internal.ParameterHandler.handleParameters(ParameterHandler.java:59)
at org.testng.internal.ParameterHandler.createParameters(ParameterHandler.java:38)
at org.testng.internal.TestInvoker$MethodInvocationAgent.invoke(TestInvoker.java:791)
at org.testng.internal.TestInvoker.invokeTestMethods(TestInvoker.java:146)
at org.testng.internal.TestMethodWorker.invokeTestMethods(TestMethodWorker.java:146)
at org.testng.internal.TestMethodWorker.run(TestMethodWorker.java:128)
at java.base/java.util.ArrayList.forEach(ArrayList.java:1511)
at org.testng.TestRunner.privateRun(TestRunner.java:794)
at org.testng.TestRunner.run(TestRunner.java:596)
at org.testng.SuiteRunner.runTest(SuiteRunner.java:377)
at org.testng.SuiteRunner.access$000(SuiteRunner.java:28)
at org.testng.SuiteRunner$SuiteWorker.run(SuiteRunner.java:418)
at org.testng.internal.thread.ThreadUtil.lambda$execute$0(ThreadUtil.java:64)
at java.base/java.util.concurrent.FutureTask.run(FutureTask.java:317)
at java.base/java.util.concurrent.ThreadPoolExecutor.runWorker(ThreadPoolExecutor.java:1144)
at java.base/java.util.concurrent.ThreadPoolExecutor$Worker.run(ThreadPoolExecutor.java:642)
at java.base/java.lang.Thread.run(Thread.java:1589)
]]>
    </error>
  </testcase> <!-- homepage -->
  <system-out/>
  <testcase classname="testCases.testCase" name="RegisterPage" time="4.115"/>
  <system-out/>
  <testcase classname="testCases.testCase" name="RegisterPage" time="0.006">
    <error message="Unable to locate element: //input[@type=&#039;submit&#039;]
For documentation on this error, please visit: https://selenium.dev/exceptions/#no_such_element
Build info: version: &#039;4.8.0&#039;, revision: &#039;267030adea&#039;
System info: os.name: &#039;Mac OS X&#039;, os.arch: &#039;x86_64&#039;, os.version: &#039;12.0.1&#039;, java.version: &#039;19.0.1&#039;
Driver info: org.openqa.selenium.firefox.FirefoxDriver
Command: [fac02ed7-f0ca-48f3-91d6-b699000f4e14, findElement {using=xpath, value=//input[@type=&#039;submit&#039;]}]
Capabilities {acceptInsecureCerts: true, browserName: firefox, browserVersion: 111.0.1, moz:accessibilityChecks: false, moz:buildID: 20230321111920, moz:debuggerAddress: 127.0.0.1:30259, moz:geckodriverVersion: 0.32.2, moz:headless: false, moz:platformVersion: 21.1.0, moz:processID: 13297, moz:profile: /var/folders/9x/bfy4ys6j4vn..., moz:shutdownTimeout: 60000, moz:useNonSpecCompliantPointerOrigin: false, moz:webdriverClick: true, moz:windowless: false, pageLoadStrategy: normal, platformName: MAC, proxy: Proxy(), se:cdp: ws://127.0.0.1:30259/devtoo..., se:cdpVersion: 85.0, setWindowRect: true, strictFileInteractability: false, timeouts: {implicit: 0, pageLoad: 300000, script: 30000}, unhandledPromptBehavior: dismiss and notify}
Session ID: fac02ed7-f0ca-48f3-91d6-b699000f4e14" type="org.openqa.selenium.NoSuchElementException">
      <![CDATA[org.openqa.selenium.NoSuchElementException: Unable to locate element: //input[@type='submit']
For documentation on this error, please visit: https://selenium.dev/exceptions/#no_such_element
Build info: version: '4.8.0', revision: '267030adea'
System info: os.name: 'Mac OS X', os.arch: 'x86_64', os.version: '12.0.1', java.version: '19.0.1'
Driver info: org.openqa.selenium.firefox.FirefoxDriver
Command: [fac02ed7-f0ca-48f3-91d6-b699000f4e14, findElement {using=xpath, value=//input[@type='submit']}]
Capabilities {acceptInsecureCerts: true, browserName: firefox, browserVersion: 111.0.1, moz:accessibilityChecks: false, moz:buildID: 20230321111920, moz:debuggerAddress: 127.0.0.1:30259, moz:geckodriverVersion: 0.32.2, moz:headless: false, moz:platformVersion: 21.1.0, moz:processID: 13297, moz:profile: /var/folders/9x/bfy4ys6j4vn..., moz:shutdownTimeout: 60000, moz:useNonSpecCompliantPointerOrigin: false, moz:webdriverClick: true, moz:windowless: false, pageLoadStrategy: normal, platformName: MAC, proxy: Proxy(), se:cdp: ws://127.0.0.1:30259/devtoo..., se:cdpVersion: 85.0, setWindowRect: true, strictFileInteractability: false, timeouts: {implicit: 0, pageLoad: 300000, script: 30000}, unhandledPromptBehavior: dismiss and notify}
Session ID: fac02ed7-f0ca-48f3-91d6-b699000f4e14
at java.base/jdk.internal.reflect.DirectConstructorHandleAccessor.newInstance(DirectConstructorHandleAccessor.java:67)
at java.base/java.lang.reflect.Constructor.newInstanceWithCaller(Constructor.java:500)
at java.base/java.lang.reflect.Constructor.newInstance(Constructor.java:484)
at org.openqa.selenium.remote.codec.w3c.W3CHttpResponseCodec.createException(W3CHttpResponseCodec.java:200)
at org.openqa.selenium.remote.codec.w3c.W3CHttpResponseCodec.decode(W3CHttpResponseCodec.java:133)
at org.openqa.selenium.remote.codec.w3c.W3CHttpResponseCodec.decode(W3CHttpResponseCodec.java:53)
at org.openqa.selenium.remote.HttpCommandExecutor.execute(HttpCommandExecutor.java:184)
at org.openqa.selenium.remote.service.DriverCommandExecutor.invokeExecute(DriverCommandExecutor.java:167)
at org.openqa.selenium.remote.service.DriverCommandExecutor.execute(DriverCommandExecutor.java:142)
at org.openqa.selenium.remote.RemoteWebDriver.execute(RemoteWebDriver.java:543)
at org.openqa.selenium.remote.ElementLocation$ElementFinder$2.findElement(ElementLocation.java:162)
at org.openqa.selenium.remote.ElementLocation.findElement(ElementLocation.java:60)
at org.openqa.selenium.remote.RemoteWebDriver.findElement(RemoteWebDriver.java:352)
at org.openqa.selenium.remote.RemoteWebDriver.findElement(RemoteWebDriver.java:344)
at pageObject.RegisterPage.clickRegister(RegisterPage.java:32)
at testCases.testCase.RegisterPage(testCase.java:69)
at java.base/jdk.internal.reflect.DirectMethodHandleAccessor.invoke(DirectMethodHandleAccessor.java:104)
at java.base/java.lang.reflect.Method.invoke(Method.java:578)
at org.testng.internal.MethodInvocationHelper.invokeMethod(MethodInvocationHelper.java:133)
at org.testng.internal.TestInvoker.invokeMethod(TestInvoker.java:598)
at org.testng.internal.TestInvoker.invokeTestMethod(TestInvoker.java:173)
at org.testng.internal.MethodRunner.runInSequence(MethodRunner.java:46)
at org.testng.internal.TestInvoker$MethodInvocationAgent.invoke(TestInvoker.java:824)
at org.testng.internal.TestInvoker.invokeTestMethods(TestInvoker.java:146)
at org.testng.internal.TestMethodWorker.invokeTestMethods(TestMethodWorker.java:146)
at org.testng.internal.TestMethodWorker.run(TestMethodWorker.java:128)
at java.base/java.util.ArrayList.forEach(ArrayList.java:1511)
at org.testng.TestRunner.privateRun(TestRunner.java:794)
at org.testng.TestRunner.run(TestRunner.java:596)
at org.testng.SuiteRunner.runTest(SuiteRunner.java:377)
at org.testng.SuiteRunner.access$000(SuiteRunner.java:28)
at org.testng.SuiteRunner$SuiteWorker.run(SuiteRunner.java:418)
at org.testng.internal.thread.ThreadUtil.lambda$execute$0(ThreadUtil.java:64)
at java.base/java.util.concurrent.FutureTask.run(FutureTask.java:317)
at java.base/java.util.concurrent.ThreadPoolExecutor.runWorker(ThreadPoolExecutor.java:1144)
at java.base/java.util.concurrent.ThreadPoolExecutor$Worker.run(ThreadPoolExecutor.java:642)
at java.base/java.lang.Thread.run(Thread.java:1589)
]]>
    </error>
  </testcase> <!-- RegisterPage -->
  <system-out/>
  <testcase classname="testCases.testCase" name="login" time="0.339"/>
  <system-out/>
  <testcase classname="testCases.testCase" name="login" time="0.432"/>
  <system-out/>
  <testcase classname="testCases.testCase" name="login" time="0.419"/>
  <system-out/>
  <testcase classname="testCases.testCase" name="login" time="0.383"/>
  <system-out/>
  <testcase classname="testCases.testCase" name="login" time="0.449"/>
  <system-out/>
  <testcase classname="testCases.testCase" name="login" time="0.452"/>
  <system-out/>
  <testcase classname="testCases.testCase" name="login" time="0.543"/>
  <system-out/>
  <testcase classname="testCases.testCase" name="login" time="0.312"/>
  <system-out/>
  <testcase classname="testCases.testCase" name="DataStructure" time="0.671"/>
  <system-out/>
  <testcase classname="testCases.testCase" name="DataStructure" time="1.235"/>
  <system-out/>
  <testcase classname="testCases.testCase" name="DataStructure" time="0.994"/>
  <system-out/>
  <testcase classname="testCases.testCase" name="DataStructure" time="1.449"/>
  <system-out/>
  <testcase classname="testCases.testCase" name="LinkedList" time="6.425"/>
  <system-out/>
  <testcase classname="testCases.testCase" name="queue" time="2.361"/>
  <system-out/>
  <testcase classname="testCases.testCase" name="queue" time="3.139"/>
  <system-out/>
  <testcase classname="testCases.testCase" name="queue" time="3.657"/>
  <system-out/>
  <testcase classname="testCases.testCase" name="Array" time="7.495"/>
  <system-out/>
  <testcase classname="testCases.testCase" name="Array" time="8.736"/>
  <system-out/>
  <testcase classname="testCases.testCase" name="queue" time="3.560"/>
  <system-out/>
  <testcase classname="testCases.testCase" name="Array" time="9.393"/>
  <system-out/>
  <testcase classname="testCases.testCase" name="LinkedList" time="5.753"/>
  <system-out/>
  <testcase classname="testCases.testCase" name="Array" time="8.670"/>
  <system-out/>
  <testcase classname="testCases.testCase" name="LinkedList" time="6.472"/>
  <system-out/>
  <testcase classname="testCases.testCase" name="LinkedList" time="4.124"/>
  <system-out/>
  <testcase classname="testCases.testCase" name="graph" time="1.330"/>
  <system-out/>
  <testcase classname="testCases.testCase" name="graph" time="2.245"/>
  <system-out/>
  <testcase classname="testCases.testCase" name="graph" time="2.051"/>
  <system-out/>
  <testcase classname="testCases.testCase" name="graph" time="1.963"/>
  <system-out/>
  <testcase classname="testCases.testCase" name="tree" time="12.559"/>
  <system-out/>
  <testcase classname="testCases.testCase" name="tree" time="7.293"/>
  <system-out/>
  <testcase classname="testCases.testCase" name="tree" time="10.917"/>
  <system-out/>
  <testcase classname="testCases.testCase" name="tree" time="11.462"/>
  <system-out/>
  <testcase classname="testCases.testCase" name="stack" time="1.756"/>
  <system-out/>
  <testcase classname="testCases.testCase" name="stack" time="2.352"/>
  <system-out/>
  <testcase classname="testCases.testCase" name="stack" time="3.127"/>
  <system-out/>
  <testcase classname="testCases.testCase" name="stack" time="3.043"/>
  <system-out/>
</testsuite> <!-- testCases.testCase -->
